<?xml version="1.0" encoding="UTF-8"?>
<!-- Generated by org.testng.reporters.JUnitReportReporter -->
<testsuite hostname="WPUAM50718L" name="com.OrangeHRM8.ReadPropetiesFile" tests="1" failures="0" timestamp="26 Feb 2021 06:22:02 GMT" time="176.863" errors="0">
  <testcase name="Flight_Login" time="176.863" classname="com.OrangeHRM8.ReadPropetiesFile"/>
</testsuite> <!-- com.OrangeHRM8.ReadPropetiesFile -->
