<?xml version="1.0" encoding="UTF-8"?>
<!-- Generated by org.testng.reporters.JUnitReportReporter -->
<testsuite hostname="WPUAM50718L" name="com.OrangeHRM6.Parallel_Thread_TestNG_XML_Example" tests="3" failures="0" timestamp="25 Feb 2021 05:18:08 GMT" time="85.656" errors="0">
  <testcase name="EdgeTest" time="37.351" classname="com.OrangeHRM6.Parallel_Thread_TestNG_XML_Example"/>
  <testcase name="FirefoxTest" time="25.181" classname="com.OrangeHRM6.Parallel_Thread_TestNG_XML_Example"/>
  <testcase name="ChromeTest" time="23.124" classname="com.OrangeHRM6.Parallel_Thread_TestNG_XML_Example"/>
</testsuite> <!-- com.OrangeHRM6.Parallel_Thread_TestNG_XML_Example -->
