<?xml version="1.0" encoding="UTF-8"?>
<!-- Generated by org.testng.reporters.JUnitReportReporter -->
<testsuite hostname="WPUAM50718L" name="com.OrangeHRM3.Handling_JavaScriptAlert" tests="1" failures="0" timestamp="24 Feb 2021 06:06:19 GMT" time="0.316" errors="0">
  <testcase name="EnterCustomerID" time="0.316" classname="com.OrangeHRM3.Handling_JavaScriptAlert"/>
</testsuite> <!-- com.OrangeHRM3.Handling_JavaScriptAlert -->
