<?xml version="1.0" encoding="UTF-8"?>
<!-- Generated by org.testng.reporters.JUnitReportReporter -->
<testsuite hostname="WPUAM50718L" name="com.OrangeHRM.Mobile_Browser_View_OangeHRM_Login" tests="1" failures="0" timestamp="23 Feb 2021 06:55:28 GMT" time="12.941" errors="0">
  <testcase name="SignOn" time="12.941" classname="com.OrangeHRM.Mobile_Browser_View_OangeHRM_Login"/>
</testsuite> <!-- com.OrangeHRM.Mobile_Browser_View_OangeHRM_Login -->
