<?xml version="1.0" encoding="UTF-8"?>
<!-- Generated by org.testng.reporters.JUnitReportReporter -->
<testsuite hostname="WPUAM50718L" name="com.OrangeHRM.OrangeHRM_Login_GetText_GetTitle_GetCurrentURL" tests="2" failures="1" timestamp="19 Feb 2021 06:12:54 GMT" time="80.374" errors="0">
  <testcase name="Login" time="18.060" classname="com.OrangeHRM.OrangeHRM_Login_GetText_GetTitle_GetCurrentURL"/>
  <testcase name="Logout" time="62.314" classname="com.OrangeHRM.OrangeHRM_Login_GetText_GetTitle_GetCurrentURL">
    <failure type="junit.framework.ComparisonFailure" message="expected:&lt;[ttps://opensource-demo.orangehrmlive.com/index.php/dashboard]&gt; but was:&lt;[https://opensource-demo.orangehrmlive.com/index.php/auth/login]&gt;">
      <![CDATA[junit.framework.ComparisonFailure: expected:<[ttps://opensource-demo.orangehrmlive.com/index.php/dashboard]> but was:<[https://opensource-demo.orangehrmlive.com/index.php/auth/login]>
	at junit.framework.Assert.assertEquals(Assert.java:100)
	at junit.framework.Assert.assertEquals(Assert.java:107)
	at com.OrangeHRM.OrangeHRM_Login_GetText_GetTitle_GetCurrentURL.Logout(OrangeHRM_Login_GetText_GetTitle_GetCurrentURL.java:37)
	at sun.reflect.NativeMethodAccessorImpl.invoke0(Native Method)
	at sun.reflect.NativeMethodAccessorImpl.invoke(NativeMethodAccessorImpl.java:62)
	at sun.reflect.DelegatingMethodAccessorImpl.invoke(DelegatingMethodAccessorImpl.java:43)
	at java.lang.reflect.Method.invoke(Method.java:498)
	at org.testng.internal.MethodInvocationHelper.invokeMethod(MethodInvocationHelper.java:86)
	at org.testng.internal.Invoker.invokeMethod(Invoker.java:645)
	at org.testng.internal.Invoker.invokeTestMethod(Invoker.java:822)
	at org.testng.internal.Invoker.invokeTestMethods(Invoker.java:1130)
	at org.testng.internal.TestMethodWorker.invokeTestMethods(TestMethodWorker.java:129)
	at org.testng.internal.TestMethodWorker.run(TestMethodWorker.java:112)
	at org.testng.TestRunner.privateRun(TestRunner.java:782)
	at org.testng.TestRunner.run(TestRunner.java:632)
	at org.testng.SuiteRunner.runTest(SuiteRunner.java:366)
	at org.testng.SuiteRunner.runSequentially(SuiteRunner.java:361)
	at org.testng.SuiteRunner.privateRun(SuiteRunner.java:319)
	at org.testng.SuiteRunner.run(SuiteRunner.java:268)
	at org.testng.SuiteRunnerWorker.runSuite(SuiteRunnerWorker.java:52)
	at org.testng.SuiteRunnerWorker.run(SuiteRunnerWorker.java:86)
	at org.testng.TestNG.runSuitesSequentially(TestNG.java:1244)
	at org.testng.TestNG.runSuitesLocally(TestNG.java:1169)
	at org.testng.TestNG.run(TestNG.java:1064)
	at org.testng.remote.RemoteTestNG.run(RemoteTestNG.java:113)
	at org.testng.remote.RemoteTestNG.initAndRun(RemoteTestNG.java:206)
	at org.testng.remote.RemoteTestNG.main(RemoteTestNG.java:177)
]]>
    </failure>
  </testcase> <!-- Logout -->
</testsuite> <!-- com.OrangeHRM.OrangeHRM_Login_GetText_GetTitle_GetCurrentURL -->
