<?xml version="1.0" encoding="UTF-8"?>
<!-- Generated by org.testng.reporters.JUnitReportReporter -->
<testsuite hostname="WPUAM50718L" name="com.OrangeHRM3.DragandDrop_Example" tests="1" failures="0" timestamp="24 Feb 2021 06:06:19 GMT" time="37.763" errors="0">
  <testcase name="DragDrop" time="37.763" classname="com.OrangeHRM3.DragandDrop_Example"/>
</testsuite> <!-- com.OrangeHRM3.DragandDrop_Example -->
