<?xml version="1.0" encoding="UTF-8"?>
<!-- Generated by org.testng.reporters.JUnitReportReporter -->
<testsuite hostname="WPUAM50718L" name="com.OrangeHRM.Handle_UnexpectedAlert" tests="1" failures="0" timestamp="1 Mar 2021 07:13:33 GMT" time="6.956" errors="0">
  <testcase name="HandleAlert" time="6.956" classname="com.OrangeHRM.Handle_UnexpectedAlert"/>
</testsuite> <!-- com.OrangeHRM.Handle_UnexpectedAlert -->
