<?xml version="1.0" encoding="UTF-8"?>
<!-- Generated by org.testng.reporters.JUnitReportReporter -->
<testsuite hostname="WPUAM50718L" name="com.OrangeHRM.Delete_AdddedUser_From_WebTable" tests="3" failures="0" timestamp="23 Feb 2021 06:17:21 GMT" time="31.242" errors="0">
  <testcase name="VerifyAddedUser" time="18.513" classname="com.OrangeHRM.Delete_AdddedUser_From_WebTable"/>
  <testcase name="AddUsers_Page" time="4.299" classname="com.OrangeHRM.Delete_AdddedUser_From_WebTable"/>
  <testcase name="Sign_On" time="8.430" classname="com.OrangeHRM.Delete_AdddedUser_From_WebTable"/>
</testsuite> <!-- com.OrangeHRM.Delete_AdddedUser_From_WebTable -->
