<?xml version="1.0" encoding="UTF-8"?>
<!-- Generated by org.testng.reporters.JUnitReportReporter -->
<testsuite hostname="WPUAM50718L" name="com.OrangeHRM4.CrossBrowser_Testing_Example" tests="3" failures="0" timestamp="24 Feb 2021 06:54:57 GMT" time="111.449" errors="0">
  <testcase name="OrangeHRM_Login" time="43.248" classname="com.OrangeHRM4.CrossBrowser_Testing_Example"/>
  <testcase name="OrangeHRM_Login" time="24.805" classname="com.OrangeHRM4.CrossBrowser_Testing_Example"/>
  <testcase name="OrangeHRM_Login" time="43.396" classname="com.OrangeHRM4.CrossBrowser_Testing_Example"/>
</testsuite> <!-- com.OrangeHRM4.CrossBrowser_Testing_Example -->
