<?xml version="1.0" encoding="UTF-8"?>
<!-- Generated by org.testng.reporters.JUnitReportReporter -->
<testsuite hostname="WPUAM50718L" name="com.OrangeHRM.Grab_and_Navigate_All_Links" tests="1" failures="0" timestamp="25 Feb 2021 04:53:05 GMT" time="140.094" errors="0">
  <testcase name="navigateToAllLinks" time="140.094" classname="com.OrangeHRM.Grab_and_Navigate_All_Links"/>
</testsuite> <!-- com.OrangeHRM.Grab_and_Navigate_All_Links -->
