<?xml version="1.0" encoding="UTF-8"?>
<!-- Generated by org.testng.reporters.JUnitReportReporter -->
<testsuite hostname="WPUAM50718L" name="com.OrangeHRM.OrangeHRM_Create_Search_Delete" tests="1" failures="0" timestamp="23 Feb 2021 05:27:26 GMT" time="211.293" errors="0">
  <testcase name="Search" time="211.293" classname="com.OrangeHRM.OrangeHRM_Create_Search_Delete"/>
</testsuite> <!-- com.OrangeHRM.OrangeHRM_Create_Search_Delete -->
