<?xml version="1.0" encoding="UTF-8"?>
<!-- Generated by org.testng.reporters.JUnitReportReporter -->
<testsuite hostname="WPUAM50718L" name="com.OrangeHRM3.DoubleClick_Example" tests="1" failures="0" timestamp="24 Feb 2021 06:06:19 GMT" time="36.814" errors="0">
  <testcase name="DoubleClick" time="36.814" classname="com.OrangeHRM3.DoubleClick_Example"/>
</testsuite> <!-- com.OrangeHRM3.DoubleClick_Example -->
