<?xml version="1.0" encoding="UTF-8"?>
<!-- Generated by org.testng.reporters.JUnitReportReporter -->
<testsuite hostname="WPUAM50718L" name="com.OrangeHRM.Handling_Different_Ojects" tests="4" failures="0" timestamp="23 Feb 2021 05:30:10 GMT" time="0.912" errors="0">
  <testcase name="CheckBox" time="0.153" classname="com.OrangeHRM.Handling_Different_Ojects"/>
  <testcase name="RadioButton" time="0.187" classname="com.OrangeHRM.Handling_Different_Ojects"/>
  <testcase name="DoubleClick" time="0.277" classname="com.OrangeHRM.Handling_Different_Ojects"/>
  <testcase name="SelectDropDownValue" time="0.295" classname="com.OrangeHRM.Handling_Different_Ojects"/>
</testsuite> <!-- com.OrangeHRM.Handling_Different_Ojects -->
