<?xml version="1.0" encoding="UTF-8"?>
<!-- Generated by org.testng.reporters.JUnitReportReporter -->
<testsuite hostname="WPUAM50718L" name="com.SinglExtentReport_Example.DoubleClick_Example" tests="1" failures="0" timestamp="1 Mar 2021 06:39:05 GMT" time="42.385" errors="0">
  <testcase name="DoubleClick" time="42.385" classname="com.SinglExtentReport_Example.DoubleClick_Example"/>
</testsuite> <!-- com.SinglExtentReport_Example.DoubleClick_Example -->
