<?xml version="1.0" encoding="UTF-8"?>
<!-- Generated by org.testng.reporters.JUnitReportReporter -->
<testsuite hostname="WPUAM50718L" name="com.OrangeHRM5.OrangeHRM_Login_All_Tcs_Scenario" tests="5" failures="0" timestamp="25 Feb 2021 06:05:40 GMT" time="12.813" errors="0">
  <testcase name="LoginAllCases" time="10.034" classname="com.OrangeHRM5.OrangeHRM_Login_All_Tcs_Scenario"/>
  <testcase name="LoginAllCases" time="0.333" classname="com.OrangeHRM5.OrangeHRM_Login_All_Tcs_Scenario"/>
  <testcase name="LoginAllCases" time="0.405" classname="com.OrangeHRM5.OrangeHRM_Login_All_Tcs_Scenario"/>
  <testcase name="LoginAllCases" time="0.373" classname="com.OrangeHRM5.OrangeHRM_Login_All_Tcs_Scenario"/>
  <testcase name="LoginAllCases" time="1.668" classname="com.OrangeHRM5.OrangeHRM_Login_All_Tcs_Scenario"/>
</testsuite> <!-- com.OrangeHRM5.OrangeHRM_Login_All_Tcs_Scenario -->
