<?xml version="1.0" encoding="UTF-8"?>
<!-- Generated by org.testng.reporters.JUnitReportReporter -->
<testsuite hostname="WPUAM50718L" name="com.OrangeHRM.DragandDrop_Example" tests="1" failures="0" timestamp="22 Feb 2021 06:39:50 GMT" time="60.809" errors="0">
  <testcase name="DragDrop" time="60.809" classname="com.OrangeHRM.DragandDrop_Example"/>
</testsuite> <!-- com.OrangeHRM.DragandDrop_Example -->
