<?xml version="1.0" encoding="UTF-8"?>
<!-- Generated by org.testng.reporters.JUnitReportReporter -->
<testsuite hostname="WPUAM50718L" name="com.OrangeHRM.DoubleClick_Example" tests="1" failures="0" timestamp="22 Feb 2021 06:55:38 GMT" time="44.683" errors="0">
  <testcase name="DoubleClick" time="44.683" classname="com.OrangeHRM.DoubleClick_Example"/>
</testsuite> <!-- com.OrangeHRM.DoubleClick_Example -->
