<?xml version="1.0" encoding="UTF-8"?>
<!-- Generated by org.testng.reporters.JUnitReportReporter -->
<testsuite hostname="WPUAM50718L" name="com.OrangeHRM.Handle_Proxy_Example" tests="1" failures="0" timestamp="26 Feb 2021 05:35:15 GMT" time="23.233" errors="0">
  <testcase name="HTTPAuth" time="23.233" classname="com.OrangeHRM.Handle_Proxy_Example"/>
</testsuite> <!-- com.OrangeHRM.Handle_Proxy_Example -->
