<?xml version="1.0" encoding="UTF-8"?>
<!-- Generated by org.testng.reporters.JUnitReportReporter -->
<testsuite hostname="WPUAM50718L" name="com.OrangeHRM4.CrossBrowser_Testing_Example2" tests="9" failures="0" timestamp="24 Feb 2021 07:08:19 GMT" time="276.007" errors="0">
  <testcase name="OrangeHRM_Login" time="32.298" classname="com.OrangeHRM4.CrossBrowser_Testing_Example2"/>
  <testcase name="OrangeHRM_Login" time="19.763" classname="com.OrangeHRM4.CrossBrowser_Testing_Example2"/>
  <testcase name="OrangeHRM_Login" time="61.852" classname="com.OrangeHRM4.CrossBrowser_Testing_Example2"/>
  <testcase name="OrangeHRM_Login" time="58.936" classname="com.OrangeHRM4.CrossBrowser_Testing_Example2"/>
  <testcase name="OrangeHRM_Login" time="19.894" classname="com.OrangeHRM4.CrossBrowser_Testing_Example2"/>
  <testcase name="OrangeHRM_Login" time="21.413" classname="com.OrangeHRM4.CrossBrowser_Testing_Example2"/>
  <testcase name="OrangeHRM_Login" time="20.604" classname="com.OrangeHRM4.CrossBrowser_Testing_Example2"/>
  <testcase name="OrangeHRM_Login" time="19.882" classname="com.OrangeHRM4.CrossBrowser_Testing_Example2"/>
  <testcase name="OrangeHRM_Login" time="21.365" classname="com.OrangeHRM4.CrossBrowser_Testing_Example2"/>
</testsuite> <!-- com.OrangeHRM4.CrossBrowser_Testing_Example2 -->
