<?xml version="1.0" encoding="UTF-8"?>
<!-- Generated by org.testng.reporters.JUnitReportReporter -->
<testsuite hostname="WPUAM50718L" name="com.OrangeHRM2.OrangeHRMLogin_Parametes" tests="3" failures="0" timestamp="24 Feb 2021 05:24:54 GMT" time="127.725" errors="0">
  <testcase name="Login" time="40.484" classname="com.OrangeHRM2.OrangeHRMLogin_Parametes"/>
  <testcase name="Login" time="45.670" classname="com.OrangeHRM2.OrangeHRMLogin_Parametes"/>
  <testcase name="Login" time="41.571" classname="com.OrangeHRM2.OrangeHRMLogin_Parametes"/>
</testsuite> <!-- com.OrangeHRM2.OrangeHRMLogin_Parametes -->
