<?xml version="1.0" encoding="UTF-8"?>
<!-- Generated by org.testng.reporters.JUnitReportReporter -->
<testsuite hostname="WPUAM50718L" name="JavaScriptExecutor.Scroll_Down_WebPage_Bottom_Example" tests="1" failures="0" timestamp="1 Mar 2021 07:53:44 GMT" time="32.577" errors="0">
  <testcase name="ByPage" time="32.577" classname="JavaScriptExecutor.Scroll_Down_WebPage_Bottom_Example"/>
</testsuite> <!-- JavaScriptExecutor.Scroll_Down_WebPage_Bottom_Example -->
