<?xml version="1.0" encoding="UTF-8"?>
<!-- Generated by org.testng.reporters.JUnitReportReporter -->
<testsuite hostname="WPUAM50718L" name="com.OrangeHM1.OrangeHRM_Login_DataProvider" tests="3" failures="0" timestamp="23 Feb 2021 07:45:30 GMT" time="40.170" errors="0">
  <testcase name="LoginToOrangeHRM" time="11.714" classname="com.OrangeHM1.OrangeHRM_Login_DataProvider"/>
  <testcase name="LoginToOrangeHRM" time="17.165" classname="com.OrangeHM1.OrangeHRM_Login_DataProvider"/>
  <testcase name="LoginToOrangeHRM" time="11.291" classname="com.OrangeHM1.OrangeHRM_Login_DataProvider"/>
</testsuite> <!-- com.OrangeHM1.OrangeHRM_Login_DataProvider -->
