<?xml version="1.0" encoding="UTF-8"?>
<!-- Generated by org.testng.reporters.JUnitReportReporter -->
<testsuite hostname="WPUAM50718L" name="com.OrangeHRM.OrangeHRM_MouseHover_Two_Layer" tests="1" failures="0" timestamp="22 Feb 2021 06:37:10 GMT" time="51.303" errors="0">
  <testcase name="Sign_On" time="51.303" classname="com.OrangeHRM.OrangeHRM_MouseHover_Two_Layer"/>
</testsuite> <!-- com.OrangeHRM.OrangeHRM_MouseHover_Two_Layer -->
