<?xml version="1.0" encoding="UTF-8"?>
<!-- Generated by org.testng.reporters.JUnitReportReporter -->
<testsuite hostname="WPUAM50718L" name="Sikuli_Example.Sikuli_Integration_Example" tests="1" failures="0" timestamp="2 Mar 2021 05:30:17 GMT" time="49.732" errors="0">
  <testcase name="FileUpload_UsingSikuli" time="49.732" classname="Sikuli_Example.Sikuli_Integration_Example"/>
</testsuite> <!-- Sikuli_Example.Sikuli_Integration_Example -->
