<?xml version="1.0" encoding="UTF-8"?>
<!-- Generated by org.testng.reporters.JUnitReportReporter -->
<testsuite hostname="WPUAM50718L" name="com.OrangeHRM.HTTPAuthentication_Example" tests="1" failures="0" timestamp="26 Feb 2021 04:44:15 GMT" time="38.238" errors="0">
  <testcase name="HTTPAuth" time="38.238" classname="com.OrangeHRM.HTTPAuthentication_Example"/>
</testsuite> <!-- com.OrangeHRM.HTTPAuthentication_Example -->
