<?xml version="1.0" encoding="UTF-8"?>
<!-- Generated by org.testng.reporters.JUnitReportReporter -->
<testsuite hostname="WPUAM50718L" name="com.OrangeHRM.OrangeHRM_Login_Keys_Example" tests="2" failures="0" timestamp="25 Feb 2021 04:34:11 GMT" time="14.207" errors="0">
  <testcase name="Logout" time="3.623" classname="com.OrangeHRM.OrangeHRM_Login_Keys_Example"/>
  <testcase name="Login" time="10.584" classname="com.OrangeHRM.OrangeHRM_Login_Keys_Example"/>
</testsuite> <!-- com.OrangeHRM.OrangeHRM_Login_Keys_Example -->
